Determining if the pthread_create exist failed with the following output:
Change Dir: /home/rpereyra/LEWOS/Macro/CMakeFiles/CMakeTmp

Run Build Command:/usr/bin/gmake "cmTryCompileExec2332087567/fast"
/usr/bin/gmake -f CMakeFiles/cmTryCompileExec2332087567.dir/build.make CMakeFiles/cmTryCompileExec2332087567.dir/build
gmake[1]: Entering directory `/home/rpereyra/LEWOS/Macro/CMakeFiles/CMakeTmp'
/usr/bin/cmake -E cmake_progress_report /home/rpereyra/LEWOS/Macro/CMakeFiles/CMakeTmp/CMakeFiles 1
Building C object CMakeFiles/cmTryCompileExec2332087567.dir/CheckSymbolExists.c.o
/usr/bin/gcc    -o CMakeFiles/cmTryCompileExec2332087567.dir/CheckSymbolExists.c.o   -c /home/rpereyra/LEWOS/Macro/CMakeFiles/CMakeTmp/CheckSymbolExists.c
Linking C executable cmTryCompileExec2332087567
/usr/bin/cmake -E cmake_link_script CMakeFiles/cmTryCompileExec2332087567.dir/link.txt --verbose=1
/usr/bin/gcc         CMakeFiles/cmTryCompileExec2332087567.dir/CheckSymbolExists.c.o  -o cmTryCompileExec2332087567 -rdynamic 
CMakeFiles/cmTryCompileExec2332087567.dir/CheckSymbolExists.c.o: In function `main':
CheckSymbolExists.c:(.text+0x16): undefined reference to `pthread_create'
collect2: error: ld returned 1 exit status
gmake[1]: *** [cmTryCompileExec2332087567] Error 1
gmake[1]: Leaving directory `/home/rpereyra/LEWOS/Macro/CMakeFiles/CMakeTmp'
gmake: *** [cmTryCompileExec2332087567/fast] Error 2

File /home/rpereyra/LEWOS/Macro/CMakeFiles/CMakeTmp/CheckSymbolExists.c:
/* */
#include <pthread.h>

int main(int argc, char** argv)
{
  (void)argv;
#ifndef pthread_create
  return ((int*)(&pthread_create))[argc];
#else
  (void)argc;
  return 0;
#endif
}

Determining if the function pthread_create exists in the pthreads failed with the following output:
Change Dir: /home/rpereyra/LEWOS/Macro/CMakeFiles/CMakeTmp

Run Build Command:/usr/bin/gmake "cmTryCompileExec2281848145/fast"
/usr/bin/gmake -f CMakeFiles/cmTryCompileExec2281848145.dir/build.make CMakeFiles/cmTryCompileExec2281848145.dir/build
gmake[1]: Entering directory `/home/rpereyra/LEWOS/Macro/CMakeFiles/CMakeTmp'
/usr/bin/cmake -E cmake_progress_report /home/rpereyra/LEWOS/Macro/CMakeFiles/CMakeTmp/CMakeFiles 1
Building C object CMakeFiles/cmTryCompileExec2281848145.dir/CheckFunctionExists.c.o
/usr/bin/gcc   -DCHECK_FUNCTION_EXISTS=pthread_create   -o CMakeFiles/cmTryCompileExec2281848145.dir/CheckFunctionExists.c.o   -c /usr/share/cmake/Modules/CheckFunctionExists.c
Linking C executable cmTryCompileExec2281848145
/usr/bin/cmake -E cmake_link_script CMakeFiles/cmTryCompileExec2281848145.dir/link.txt --verbose=1
/usr/bin/gcc     -DCHECK_FUNCTION_EXISTS=pthread_create    CMakeFiles/cmTryCompileExec2281848145.dir/CheckFunctionExists.c.o  -o cmTryCompileExec2281848145 -rdynamic -lpthreads 
/usr/bin/ld: cannot find -lpthreads
collect2: error: ld returned 1 exit status
gmake[1]: *** [cmTryCompileExec2281848145] Error 1
gmake[1]: Leaving directory `/home/rpereyra/LEWOS/Macro/CMakeFiles/CMakeTmp'
gmake: *** [cmTryCompileExec2281848145/fast] Error 2


